Application startup failed
org.springframework.context.ApplicationContextException: Failed to start bean 'documentationPluginsBootstrapper'; nested exception is java.lang.IllegalStateException: Method [getUserId] was discovered in the .class file but cannot be resolved in the class object
	at org.springframework.context.support.DefaultLifecycleProcessor.doStart(DefaultLifecycleProcessor.java:178)
	at org.springframework.context.support.DefaultLifecycleProcessor.access$200(DefaultLifecycleProcessor.java:50)
	at org.springframework.context.support.DefaultLifecycleProcessor$LifecycleGroup.start(DefaultLifecycleProcessor.java:348)
	at org.springframework.context.support.DefaultLifecycleProcessor.startBeans(DefaultLifecycleProcessor.java:151)
	at org.springframework.context.support.DefaultLifecycleProcessor.onRefresh(DefaultLifecycleProcessor.java:114)
	at org.springframework.context.support.AbstractApplicationContext.finishRefresh(AbstractApplicationContext.java:880)
	at org.springframework.boot.context.embedded.EmbeddedWebApplicationContext.finishRefresh(EmbeddedWebApplicationContext.java:144)
	at org.springframework.context.support.AbstractApplicationContext.refresh(AbstractApplicationContext.java:546)
	at org.springframework.boot.context.embedded.EmbeddedWebApplicationContext.refresh(EmbeddedWebApplicationContext.java:122)
	at org.springframework.boot.SpringApplication.refresh(SpringApplication.java:693)
	at org.springframework.boot.SpringApplication.refreshContext(SpringApplication.java:360)
	at org.springframework.boot.SpringApplication.run(SpringApplication.java:303)
	at org.springframework.boot.SpringApplication.run(SpringApplication.java:1118)
	at org.springframework.boot.SpringApplication.run(SpringApplication.java:1107)
	at com.sharp.SharpApplication.main(SharpApplication.java:17)
	at sun.reflect.NativeMethodAccessorImpl.invoke0(Native Method)
	at sun.reflect.NativeMethodAccessorImpl.invoke(NativeMethodAccessorImpl.java:62)
	at sun.reflect.DelegatingMethodAccessorImpl.invoke(DelegatingMethodAccessorImpl.java:43)
	at java.lang.reflect.Method.invoke(Method.java:498)
	at org.springframework.boot.devtools.restart.RestartLauncher.run(RestartLauncher.java:49)
Caused by: java.lang.IllegalStateException: Method [getUserId] was discovered in the .class file but cannot be resolved in the class object
	at org.springframework.core.LocalVariableTableParameterNameDiscoverer$LocalVariableTableVisitor.resolveMember(LocalVariableTableParameterNameDiscoverer.java:248)
	at org.springframework.core.LocalVariableTableParameterNameDiscoverer$LocalVariableTableVisitor.visitEnd(LocalVariableTableParameterNameDiscoverer.java:231)
	at org.springframework.asm.ClassReader.readMethod(ClassReader.java:1039)
	at org.springframework.asm.ClassReader.accept(ClassReader.java:710)
	at org.springframework.asm.ClassReader.accept(ClassReader.java:523)
	at org.springframework.core.LocalVariableTableParameterNameDiscoverer.inspectClass(LocalVariableTableParameterNameDiscoverer.java:114)
	at org.springframework.core.LocalVariableTableParameterNameDiscoverer.getParameterNames(LocalVariableTableParameterNameDiscoverer.java:73)
	at org.springframework.core.PrioritizedParameterNameDiscoverer.getParameterNames(PrioritizedParameterNameDiscoverer.java:53)
	at springfox.documentation.spring.web.readers.operation.HandlerMethodResolver.discoveredName(HandlerMethodResolver.java:259)
	at springfox.documentation.spring.web.readers.operation.HandlerMethodResolver.access$000(HandlerMethodResolver.java:53)
	at springfox.documentation.spring.web.readers.operation.HandlerMethodResolver$3.apply(HandlerMethodResolver.java:170)
	at springfox.documentation.spring.web.readers.operation.HandlerMethodResolver$3.apply(HandlerMethodResolver.java:163)
	at com.google.common.base.Present.transform(Present.java:71)
	at springfox.documentation.spring.web.readers.operation.HandlerMethodResolver.methodParameters(HandlerMethodResolver.java:79)
	at springfox.documentation.spring.web.WebMvcRequestHandler.getParameters(WebMvcRequestHandler.java:128)
	at springfox.documentation.spi.service.contexts.RequestMappingContext.getParameters(RequestMappingContext.java:180)
	at springfox.documentation.spring.web.readers.operation.OperationModelsProvider.collectParameters(OperationModelsProvider.java:85)
	at springfox.documentation.spring.web.readers.operation.OperationModelsProvider.apply(OperationModelsProvider.java:57)
	at springfox.documentation.spring.web.plugins.DocumentationPluginsManager.modelContexts(DocumentationPluginsManager.java:139)
	at springfox.documentation.spring.web.scanners.ApiModelReader.read(ApiModelReader.java:63)
	at springfox.documentation.spring.web.scanners.ApiListingScanner.scan(ApiListingScanner.java:88)
	at springfox.documentation.spring.web.scanners.ApiDocumentationScanner.scan(ApiDocumentationScanner.java:70)
	at springfox.documentation.spring.web.plugins.DocumentationPluginsBootstrapper.scanDocumentation(DocumentationPluginsBootstrapper.java:85)
	at springfox.documentation.spring.web.plugins.DocumentationPluginsBootstrapper.start(DocumentationPluginsBootstrapper.java:127)
	at org.springframework.context.support.DefaultLifecycleProcessor.doStart(DefaultLifecycleProcessor.java:175)
	... 19 common frames omitted
Caused by: java.lang.NoSuchMethodException: com.sharp.system.controller.LoginController.getUserId()
	at java.lang.Class.getDeclaredMethod(Class.java:2130)
	at org.springframework.core.LocalVariableTableParameterNameDiscoverer$LocalVariableTableVisitor.resolveMember(LocalVariableTableParameterNameDiscoverer.java:245)
	... 43 common frames omitted
